<?xml version="1.0" encoding="utf-8"?><testsuites><testsuite name="pytest" errors="0" failures="0" skipped="0" tests="0" time="1.364" timestamp="2020-10-15T13:55:04.159838" hostname="bibigrid-master-jdzmrjtottq9ctr" /></testsuites>