<?xml version="1.0" encoding="utf-8"?><testsuites><testsuite errors="0" failures="0" hostname="bibigrid-master-jdzmrjtottq9ctr" name="pytest" skipped="0" tests="0" time="0.625" timestamp="2021-03-03T13:27:37.751972" /></testsuites>