<?xml version="1.0" encoding="utf-8"?><testsuites><testsuite name="pytest" errors="0" failures="0" skipped="0" tests="0" time="1.569" timestamp="2020-10-17T05:33:54.617571" hostname="bibigrid-master-jdzmrjtottq9ctr" /></testsuites>