<?xml version="1.0" encoding="utf-8"?><testsuites><testsuite name="pytest" errors="0" failures="0" skipped="0" tests="0" time="1.199" timestamp="2020-10-26T08:14:46.280670" hostname="bibigrid-master-jdzmrjtottq9ctr" /></testsuites>