<?xml version="1.0" encoding="utf-8"?><testsuites><testsuite name="pytest" errors="0" failures="0" skipped="0" tests="0" time="0.606" timestamp="2020-10-19T18:21:11.592129" hostname="bibigrid-master-jdzmrjtottq9ctr" /></testsuites>