<?xml version="1.0" encoding="utf-8"?><testsuites><testsuite name="pytest" errors="0" failures="0" skipped="0" tests="0" time="0.735" timestamp="2020-11-13T07:10:33.521820" hostname="bibigrid-master-jdzmrjtottq9ctr" /></testsuites>