<?xml version="1.0" encoding="utf-8"?><testsuites><testsuite name="pytest" errors="0" failures="0" skipped="0" tests="0" time="1.441" timestamp="2020-10-14T13:14:24.776272" hostname="bibigrid-master-jdzmrjtottq9ctr" /></testsuites>