<?xml version="1.0" encoding="utf-8"?><testsuites><testsuite name="pytest" errors="0" failures="0" skipped="0" tests="0" time="0.700" timestamp="2020-10-27T08:21:50.616890" hostname="bibigrid-master-jdzmrjtottq9ctr" /></testsuites>