<?xml version="1.0" encoding="utf-8"?><testsuites><testsuite name="pytest" errors="0" failures="0" skipped="0" tests="0" time="1.451" timestamp="2020-10-16T05:55:14.975698" hostname="bibigrid-master-jdzmrjtottq9ctr" /></testsuites>