<?xml version="1.0" encoding="utf-8"?><testsuites><testsuite name="pytest" errors="0" failures="0" skipped="0" tests="0" time="0.772" timestamp="2020-11-11T15:33:31.699578" hostname="bibigrid-master-jdzmrjtottq9ctr" /></testsuites>