<?xml version="1.0" encoding="utf-8"?><testsuites><testsuite name="pytest" errors="0" failures="0" skipped="0" tests="0" time="2.158" timestamp="2020-10-12T07:26:28.537090" hostname="bibigrid-master-jdzmrjtottq9ctr" /></testsuites>