<?xml version="1.0" encoding="utf-8"?><testsuites><testsuite name="pytest" errors="0" failures="0" skipped="0" tests="0" time="5.135" timestamp="2020-10-23T15:14:53.641809" hostname="bibigrid-master-jdzmrjtottq9ctr" /></testsuites>