<?xml version="1.0" encoding="utf-8"?><testsuites><testsuite name="pytest" errors="0" failures="0" skipped="0" tests="0" time="0.646" timestamp="2020-10-22T12:54:08.323806" hostname="bibigrid-master-jdzmrjtottq9ctr" /></testsuites>